-------------------------------------------------------------------------------
Test set: com.bestbuy.storeinfo.CreateStoreDataDrivenTest
-------------------------------------------------------------------------------
Tests run: 1, Failures: 0, Errors: 1, Skipped: 0, Time elapsed: 0.001 sec <<< FAILURE! - in com.bestbuy.storeinfo.CreateStoreDataDrivenTest
createMultipleStores(com.bestbuy.storeinfo.CreateStoreDataDrivenTest)  Time elapsed: 0 sec  <<< ERROR!
java.lang.NullPointerException: null
	at com.bestbuy.storeinfo.CreateStoreDataDrivenTest.createMultipleStores(CreateStoreDataDrivenTest.java:46)

