<?xml version="1.0" encoding="UTF-8"?>
<testsuite name="com.bestbuy.storeinfo.CreateStoreDataDrivenTest" time="0" tests="1" errors="1" skipped="0" failures="0">
  <properties>
[...]
</properties>
  <testcase name="createMultipleStores" classname="com.bestbuy.storeinfo.CreateStoreDataDrivenTest" time="0">
    <error type="java.lang.NullPointerException:">java.lang.NullPointerException: null
	at com.bestbuy.storeinfo.CreateStoreDataDrivenTest.createMultipleStores(CreateStoreDataDrivenTest.java:46)
</error>
    <system-err><![CDATA[5968 [main] ERROR net.serenitybdd.core.Serenity - 
           __  _____ _____ ____ _____   _____ _    ___ _     _____ ____  
  _       / / |_   _| ____/ ___|_   _| |  ___/ \  |_ _| |   | ____|  _ \ 
 (_)_____| |    | | |  _| \___ \ | |   | |_ / _ \  | || |   |  _| | | | |
  _|_____| |    | | | |___ ___) || |   |  _/ ___ \ | || |___| |___| |_| |
 (_)     | |    |_| |_____|____/ |_|   |_|/_/   \_\___|_____|_____|____/ 
          \_\                                                            

TEST FAILED: This will delete product and verify that product is deleted
--------------------------------------------------------------------------
5992 [main] ERROR net.serenitybdd.core.Serenity - 1 expectation failed.Expected status code <204> but was <200>.
6305 [pool-1-thread-1] INFO net.thucydides.core.reports.json.JSONTestOutcomeReporter - Generating JSON report for This will create a new Product to file C:\Users\nikss\IdeaProjects\API\Week 18 Serenity\serenity-bestbuy\target\site\serenity\f48b1cce2ac577a2ec240cc62fccbc0ed9caed38adfb96e412d1f81fedc93d38.json (using temp file C:\Users\nikss\IdeaProjects\API\Week 18 Serenity\serenity-bestbuy\target\site\serenity\f48b1cce2ac577a2ec240cc62fccbc0ed9caed38adfb96e412d1f81fedc93d38.json20fd4150-d50c-4f4e-bb4f-9cd195a58e89)
6306 [pool-1-thread-2] INFO net.thucydides.core.reports.json.JSONTestOutcomeReporter - Generating JSON report for Verify if the Product was added to the Application to file C:\Users\nikss\IdeaProjects\API\Week 18 Serenity\serenity-bestbuy\target\site\serenity\78ec9d7692ae9c5d2b7141e67262b52b1071d8e76ff11a9a6fb1f7bc7e95c427.json (using temp file C:\Users\nikss\IdeaProjects\API\Week 18 Serenity\serenity-bestbuy\target\site\serenity\78ec9d7692ae9c5d2b7141e67262b52b1071d8e76ff11a9a6fb1f7bc7e95c427.json2b80f22c-fa2e-4a5d-9499-5f753bcee72b)
6306 [pool-1-thread-3] INFO net.thucydides.core.reports.json.JSONTestOutcomeReporter - Generating JSON report for This will update Product to file C:\Users\nikss\IdeaProjects\API\Week 18 Serenity\serenity-bestbuy\target\site\serenity\af32c199558a01fdb96dcfe7c95c7bf1c5a841a0f96603d0957d50b065b8785e.json (using temp file C:\Users\nikss\IdeaProjects\API\Week 18 Serenity\serenity-bestbuy\target\site\serenity\af32c199558a01fdb96dcfe7c95c7bf1c5a841a0f96603d0957d50b065b8785e.json3ec44a49-9133-4343-847b-0f036648bef1)
6307 [pool-1-thread-4] INFO net.thucydides.core.reports.json.JSONTestOutcomeReporter - Generating JSON report for This will delete product and verify that product is deleted to file C:\Users\nikss\IdeaProjects\API\Week 18 Serenity\serenity-bestbuy\target\site\serenity\fb71de844e708bec11e4539fc5a935e5463ce63b64edc4537198c221d8c932a1.json (using temp file C:\Users\nikss\IdeaProjects\API\Week 18 Serenity\serenity-bestbuy\target\site\serenity\fb71de844e708bec11e4539fc5a935e5463ce63b64edc4537198c221d8c932a1.jsona00ad654-fe52-4e80-8723-fa34313a65cd)
6856 [pool-2-thread-2] INFO net.thucydides.core.reports.html.HtmlAcceptanceTestReporter - GENERATING HTML REPORT FOR Products CRUD test:test002 in 78ec9d7692ae9c5d2b7141e67262b52b1071d8e76ff11a9a6fb1f7bc7e95c427.html in directory target\site\serenity  
6856 [pool-2-thread-1] INFO net.thucydides.core.reports.html.HtmlAcceptanceTestReporter - GENERATING HTML REPORT FOR Products CRUD test:test001 in f48b1cce2ac577a2ec240cc62fccbc0ed9caed38adfb96e412d1f81fedc93d38.html in directory target\site\serenity  
6856 [pool-2-thread-3] INFO net.thucydides.core.reports.html.HtmlAcceptanceTestReporter - GENERATING HTML REPORT FOR Products CRUD test:test003 in af32c199558a01fdb96dcfe7c95c7bf1c5a841a0f96603d0957d50b065b8785e.html in directory target\site\serenity  
6856 [pool-2-thread-4] INFO net.thucydides.core.reports.html.HtmlAcceptanceTestReporter - GENERATING HTML REPORT FOR Products CRUD test:test004 in fb71de844e708bec11e4539fc5a935e5463ce63b64edc4537198c221d8c932a1.html in directory target\site\serenity  
]]></system-err>
  </testcase>
</testsuite>