<?xml version="1.0" encoding="UTF-8"?><testsuite errors="0" failures="0" name="com.bestbuy.storeinfo.StoreCURDTestWithSteps" skipped="0" tests="4" time="7.27" timestamp="2023-06-08T00:35:32.086+10:00[Australia/Sydney]"><testcase classname="com.bestbuy.storeinfo.StoreCURDTestWithSteps" name="Creating a store"/><testcase classname="com.bestbuy.storeinfo.StoreCURDTestWithSteps" name="Verify that store is added or not"/><testcase classname="com.bestbuy.storeinfo.StoreCURDTestWithSteps" name="Updating store information"/><testcase classname="com.bestbuy.storeinfo.StoreCURDTestWithSteps" name="Deleting store and verifying that store is deleted"/></testsuite>