<?xml version="1.0" encoding="UTF-8"?><testsuite errors="0" failures="1" name="com.bestbuy.productinfo.ProductsCRUDTest" skipped="0" tests="4" time="5.35" timestamp="2023-06-07T12:19:09.860+10:00[Australia/Sydney]"><testcase classname="com.bestbuy.productinfo.ProductsCRUDTest" name="This will create a new Product"/><testcase classname="com.bestbuy.productinfo.ProductsCRUDTest" name="Verify if the Product was added to the Application"/><testcase classname="com.bestbuy.productinfo.ProductsCRUDTest" name="This will update Product"/><testcase classname="com.bestbuy.productinfo.ProductsCRUDTest" name="This will delete product and verify that product is deleted"><failure message="1 expectation failed.&#10;Expected status code &lt;204&gt; but was &lt;200&gt;.&#10;" type="java.lang.AssertionError">1 expectation failed.
Expected status code &lt;204&gt; but was &lt;200&gt;.
</failure><system-err>1 expectation failed.
Expected status code &lt;204&gt; but was &lt;200&gt;.
&#13;
io.restassured.internal.ResponseSpecificationImpl.validateResponseIfRequired(ResponseSpecificationImpl.groovy:636)&#13;
io.restassured.internal.ResponseSpecificationImpl.statusCode(ResponseSpecificationImpl.groovy:122)&#13;
io.restassured.internal.ResponseSpecificationImpl.statusCode(ResponseSpecificationImpl.groovy:130)&#13;
io.restassured.internal.ValidatableResponseOptionsImpl.statusCode(ValidatableResponseOptionsImpl.java:117)&#13;
com.bestbuy.productinfo.ProductsCRUDTest.test004(ProductsCRUDTest.java:63)&#13;
</system-err></testcase></testsuite>